<?xml version="1.0" encoding="UTF-8"?>
<testExecutions version="1">
  <file path="C:\Users\leoso\Documentos\Máster\TFM\Backend\tests\models\customError.spec.ts">
    <testCase name="CustomError should create an instance of CustomError with a message and original error" duration="15"/>
    <testCase name="CustomError should create an instance of CustomError with only a message" duration="3"/>
    <testCase name="CustomError should capture the stack trace" duration="4">
      <failure message="Error: expect(received).toContain(expected) // indexOf"><![CDATA[Error: expect(received).toContain(expected) // indexOf

Expected substring: "CustomError"
Received string:    "An error occurred:·
    at Object.<anonymous> (C:\\Users\\leoso\\Documentos\\Máster\\TFM\\Backend\\tests\\models\\customError.spec.ts:31:23)
    at Promise.then.completed (C:\\Users\\leoso\\Documentos\\Máster\\TFM\\Backend\\node_modules\\jest-circus\\build\\utils.js:298:28)
    at new Promise (<anonymous>)
    at callAsyncCircusFn (C:\\Users\\leoso\\Documentos\\Máster\\TFM\\Backend\\node_modules\\jest-circus\\build\\utils.js:231:10)
    at _callCircusTest (C:\\Users\\leoso\\Documentos\\Máster\\TFM\\Backend\\node_modules\\jest-circus\\build\\run.js:316:40)
    at processTicksAndRejections (node:internal/process/task_queues:95:5)
    at _runTest (C:\\Users\\leoso\\Documentos\\Máster\\TFM\\Backend\\node_modules\\jest-circus\\build\\run.js:252:3)
    at _runTestsForDescribeBlock (C:\\Users\\leoso\\Documentos\\Máster\\TFM\\Backend\\node_modules\\jest-circus\\build\\run.js:126:9)
    at _runTestsForDescribeBlock (C:\\Users\\leoso\\Documentos\\Máster\\TFM\\Backend\\node_modules\\jest-circus\\build\\run.js:121:9)
    at run (C:\\Users\\leoso\\Documentos\\Máster\\TFM\\Backend\\node_modules\\jest-circus\\build\\run.js:71:3)
    at runAndTransformResultsToJestFormat (C:\\Users\\leoso\\Documentos\\Máster\\TFM\\Backend\\node_modules\\jest-circus\\build\\legacy-code-todo-rewrite\\jestAdapterInit.js:122:21)
    at jestAdapter (C:\\Users\\leoso\\Documentos\\Máster\\TFM\\Backend\\node_modules\\jest-circus\\build\\legacy-code-todo-rewrite\\jestAdapter.js:79:19)
    at runTestInternal (C:\\Users\\leoso\\Documentos\\Máster\\TFM\\Backend\\node_modules\\jest-runner\\build\\runTest.js:367:16)
    at runTest (C:\\Users\\leoso\\Documentos\\Máster\\TFM\\Backend\\node_modules\\jest-runner\\build\\runTest.js:444:34)"
    at Object.<anonymous> (C:\Users\leoso\Documentos\Máster\TFM\Backend\tests\models\customError.spec.ts:33:29)
    at Promise.then.completed (C:\Users\leoso\Documentos\Máster\TFM\Backend\node_modules\jest-circus\build\utils.js:298:28)
    at new Promise (<anonymous>)
    at callAsyncCircusFn (C:\Users\leoso\Documentos\Máster\TFM\Backend\node_modules\jest-circus\build\utils.js:231:10)
    at _callCircusTest (C:\Users\leoso\Documentos\Máster\TFM\Backend\node_modules\jest-circus\build\run.js:316:40)
    at processTicksAndRejections (node:internal/process/task_queues:95:5)
    at _runTest (C:\Users\leoso\Documentos\Máster\TFM\Backend\node_modules\jest-circus\build\run.js:252:3)
    at _runTestsForDescribeBlock (C:\Users\leoso\Documentos\Máster\TFM\Backend\node_modules\jest-circus\build\run.js:126:9)
    at _runTestsForDescribeBlock (C:\Users\leoso\Documentos\Máster\TFM\Backend\node_modules\jest-circus\build\run.js:121:9)
    at run (C:\Users\leoso\Documentos\Máster\TFM\Backend\node_modules\jest-circus\build\run.js:71:3)
    at runAndTransformResultsToJestFormat (C:\Users\leoso\Documentos\Máster\TFM\Backend\node_modules\jest-circus\build\legacy-code-todo-rewrite\jestAdapterInit.js:122:21)
    at jestAdapter (C:\Users\leoso\Documentos\Máster\TFM\Backend\node_modules\jest-circus\build\legacy-code-todo-rewrite\jestAdapter.js:79:19)
    at runTestInternal (C:\Users\leoso\Documentos\Máster\TFM\Backend\node_modules\jest-runner\build\runTest.js:367:16)
    at runTest (C:\Users\leoso\Documentos\Máster\TFM\Backend\node_modules\jest-runner\build\runTest.js:444:34)]]></failure>
    </testCase>
  </file>
  <file path="C:\Users\leoso\Documentos\Máster\TFM\Backend\tests\models\verificationRequest.spec.ts">
    <testCase name="VerificationRequest Model should create a verification request with all properties" duration="10"/>
    <testCase name="VerificationRequest Model should create a verification request without optional properties" duration="4"/>
  </file>
  <file path="C:\Users\leoso\Documentos\Máster\TFM\Backend\tests\routes\reviews.spec.ts">
    <testCase name="POST /reviews Should return code 400 without movie_id" duration="164"/>
    <testCase name="POST /reviews Should return code 400 without Authorization header" duration="44"/>
    <testCase name="POST /reviews Should return code 401 Unauthorized" duration="57"/>
    <testCase name="POST /reviews Should return code 500 database upload failed" duration="56"/>
    <testCase name="POST /reviews Should return code 201" duration="57"/>
    <testCase name="GET /reviews Should return code 400 without movie_id" duration="38"/>
    <testCase name="GET /reviews Should return code 500 error fetching database" duration="46"/>
    <testCase name="GET /reviews Should return code 200" duration="36"/>
    <testCase name="DELETE /reviews Should return code 400 without any param" duration="52"/>
    <testCase name="DELETE /reviews Should return code 400 without Authorization header" duration="90"/>
    <testCase name="DELETE /reviews Should return code 401 Unauthorized" duration="98"/>
    <testCase name="DELETE /reviews Should return code 500 database deletion failed" duration="39"/>
    <testCase name="DELETE /reviews Should return code 200" duration="29"/>
  </file>
  <file path="C:\Users\leoso\Documentos\Máster\TFM\Backend\tests\routes\movies.spec.ts">
    <testCase name="GET /movies/search Should return code 400" duration="41"/>
    <testCase name="GET /movies/search Should return code 500" duration="175"/>
    <testCase name="GET /movies/search Should return code 200" duration="16"/>
    <testCase name="GET /movies/search Should return MoviePoster[]" duration="19"/>
    <testCase name="GET /movies Should return code 400" duration="55"/>
    <testCase name="GET /movies Should return code 500" duration="28"/>
    <testCase name="GET /movies Should return code 200" duration="38"/>
    <testCase name="GET /movies Should return Movie" duration="34"/>
    <testCase name="GET /movies/carousel Should return code 500" duration="38"/>
    <testCase name="GET /movies/carousel Should return code 200" duration="40"/>
    <testCase name="GET /movies/carousel Should return MoviePoster[]" duration="30"/>
    <testCase name="GET /movies/home-list Should return code 500" duration="42"/>
    <testCase name="GET /movies/home-list Should return code 200" duration="28"/>
    <testCase name="GET /movies/home-list Should return MoviePoster[]" duration="28"/>
  </file>
  <file path="C:\Users\leoso\Documentos\Máster\TFM\Backend\tests\routes\actors.spec.ts">
    <testCase name="GET /actors/casting Should return code 400" duration="36"/>
    <testCase name="GET /actors/casting Should return code 500" duration="210"/>
    <testCase name="GET /actors/casting Should return code 200" duration="17"/>
    <testCase name="GET /actors/casting Should return Actor[]" duration="37"/>
    <testCase name="GET /actors Should return code 400" duration="28"/>
    <testCase name="GET /actors Should return code 500" duration="37"/>
    <testCase name="GET /actors Should return code 200" duration="28"/>
    <testCase name="GET /actors Should return ActorProfile" duration="21"/>
    <testCase name="GET /actors/movies Should return code 400" duration="32"/>
    <testCase name="GET /actors/movies Should return code 500" duration="37"/>
    <testCase name="GET /actors/movies Should return code 200" duration="22"/>
    <testCase name="GET /actors/movies Should return Movies[]" duration="34"/>
  </file>
  <file path="C:\Users\leoso\Documentos\Máster\TFM\Backend\tests\models\user.spec.ts">
    <testCase name="UserFirebaseAuth Model should create a user with correct properties" duration="5"/>
    <testCase name="isValidEmail Function should return true for a valid email" duration="1"/>
    <testCase name="isValidEmail Function should return false for an email without @ symbol" duration="1"/>
    <testCase name="isValidEmail Function should return false for an email without domain" duration="1"/>
    <testCase name="isValidEmail Function should return false for an email without top-level domain" duration="1"/>
    <testCase name="isValidEmail Function should return false for an email with spaces" duration="1"/>
    <testCase name="isValidEmail Function should return false for an empty string" duration="1"/>
  </file>
  <file path="C:\Users\leoso\Documentos\Máster\TFM\Backend\tests\models\reviews.spec.ts">
    <testCase name="Review Model should create a review with correct properties" duration="5"/>
    <testCase name="AllReviews Model should create an all reviews object with correct properties" duration="2"/>
  </file>
  <file path="C:\Users\leoso\Documentos\Máster\TFM\Backend\tests\models\movie.spec.ts">
    <testCase name="CarouselMovie Model should create a carousel movie with correct properties" duration="5"/>
    <testCase name="Genre Model should create a genre with correct properties" duration="1"/>
    <testCase name="Movie Model should create a movie with correct properties" duration="3"/>
    <testCase name="MoviePoster Model should create a movie poster with correct properties" duration="2"/>
  </file>
  <file path="C:\Users\leoso\Documentos\Máster\TFM\Backend\tests\models\actor.spec.ts">
    <testCase name="Actor Model should create an actor with correct properties" duration="5"/>
    <testCase name="ActorProfile Model should create an actor profile with correct properties" duration="3"/>
    <testCase name="genderToString Function should return correct string for gender 0" duration="1"/>
    <testCase name="genderToString Function should return correct string for gender 1" duration="1"/>
    <testCase name="genderToString Function should return correct string for gender 2" duration="1"/>
    <testCase name="genderToString Function should return correct string for gender 3" duration="1"/>
    <testCase name="genderToString Function should return empty string for unknown gender" duration="1"/>
  </file>
</testExecutions>