<?xml version="1.0" encoding="UTF-8"?>
<testExecutions version="1">
  <file path="C:\Users\leoso\Documentos\MÃ¡ster\TFM\Backend\tests\routes\actors.spec.ts">
    <testCase name="GET /actors/casting Should return code 500" duration="990"/>
    <testCase name="GET /actors/casting Should return code 200" duration="207"/>
    <testCase name="GET /actors/casting Should return Actor[]" duration="103"/>
    <testCase name="GET /actors Should return code 400" duration="39"/>
    <testCase name="GET /actors Should return code 500" duration="196"/>
    <testCase name="GET /actors Should return code 200" duration="108"/>
    <testCase name="GET /actors Should return ActorProfile" duration="87"/>
    <testCase name="GET /actors/movies Should return code 400" duration="33"/>
    <testCase name="GET /actors/movies Should return code 500" duration="196"/>
    <testCase name="GET /actors/movies Should return code 200" duration="207"/>
    <testCase name="GET /actors/movies Should return Movies[]" duration="143"/>
  </file>
</testExecutions>