<?xml version="1.0" encoding="UTF-8"?>
<testExecutions version="1">
  <file path="C:\Users\leoso\Documentos\Máster\TFM\Backend\tests\routes\actors.spec.ts">
    <testCase name="GET /actors/casting Should return code 400" duration="139"/>
    <testCase name="GET /actors/casting Should return code 500" duration="460"/>
    <testCase name="GET /actors/casting Should return code 200" duration="78"/>
    <testCase name="GET /actors/casting Should return Actor[]" duration="101"/>
    <testCase name="GET /actors Should return code 400" duration="32"/>
    <testCase name="GET /actors Should return code 500" duration="181"/>
    <testCase name="GET /actors Should return code 200" duration="59"/>
    <testCase name="GET /actors Should return ActorProfile" duration="69"/>
    <testCase name="GET /actors/movies Should return code 400" duration="30"/>
    <testCase name="GET /actors/movies Should return code 500" duration="246"/>
    <testCase name="GET /actors/movies Should return code 200" duration="68"/>
    <testCase name="GET /actors/movies Should return Movies[]" duration="99"/>
  </file>
  <file path="C:\Users\leoso\Documentos\Máster\TFM\Backend\tests\routes\movies.spec.ts">
    <testCase name="GET /movies/search Should return code 400" duration="31"/>
    <testCase name="GET /movies/search Should return code 200" duration="84"/>
    <testCase name="GET /movies/search Should return MoviePoster[]" duration="86"/>
    <testCase name="GET /movies Should return code 400" duration="31"/>
    <testCase name="GET /movies Should return code 200" duration="77"/>
    <testCase name="GET /movies Should return Movie" duration="61"/>
    <testCase name="GET /movies/carousel Should return code 200" duration="72"/>
    <testCase name="GET /movies/carousel Should return MoviePoster[]" duration="83"/>
    <testCase name="GET /movies/home-list Should return code 200" duration="74"/>
    <testCase name="GET /movies/home-list Should return MoviePoster[]" duration="95"/>
  </file>
  <file path="C:\Users\leoso\Documentos\Máster\TFM\Backend\tests\routes\reviews.spec.ts">
    <testCase name="POST /reviews Should return code 400" duration="37"/>
    <testCase name="POST /reviews Should return code 400" duration="22"/>
  </file>
</testExecutions>