<?xml version="1.0" encoding="UTF-8"?>
<testExecutions version="1">
  <file path="C:\Users\leoso\Documentos\Máster\TFM\Backend\tests\routes\actors.spec.ts">
    <testCase name="GET /actors/casting Should return code 400" duration="262"/>
    <testCase name="GET /actors/casting Should return code 500" duration="167"/>
    <testCase name="GET /actors/casting Should return code 200" duration="26"/>
    <testCase name="GET /actors/casting Should return Actor[]" duration="31"/>
    <testCase name="GET /actors Should return code 400" duration="32"/>
    <testCase name="GET /actors Should return code 500" duration="26"/>
    <testCase name="GET /actors Should return code 200" duration="28"/>
    <testCase name="GET /actors Should return ActorProfile" duration="43"/>
    <testCase name="GET /actors/movies Should return code 400" duration="30"/>
    <testCase name="GET /actors/movies Should return code 500" duration="303"/>
    <testCase name="GET /actors/movies Should return code 200" duration="67"/>
    <testCase name="GET /actors/movies Should return Movies[]" duration="99"/>
  </file>
  <file path="C:\Users\leoso\Documentos\Máster\TFM\Backend\tests\routes\movies.spec.ts">
    <testCase name="GET /movies/search Should return code 400" duration="39"/>
    <testCase name="GET /movies/search Should return code 200" duration="87"/>
    <testCase name="GET /movies/search Should return MoviePoster[]" duration="57"/>
    <testCase name="GET /movies Should return code 400" duration="32"/>
    <testCase name="GET /movies Should return code 200" duration="69"/>
    <testCase name="GET /movies Should return Movie" duration="61"/>
    <testCase name="GET /movies/carousel Should return code 200" duration="53"/>
    <testCase name="GET /movies/carousel Should return MoviePoster[]" duration="67"/>
    <testCase name="GET /movies/home-list Should return code 200" duration="66"/>
    <testCase name="GET /movies/home-list Should return MoviePoster[]" duration="68"/>
  </file>
  <file path="C:\Users\leoso\Documentos\Máster\TFM\Backend\tests\routes\reviews.spec.ts">
    <testCase name="POST /reviews Should return code 400" duration="68"/>
    <testCase name="POST /reviews Should return code 400" duration="18"/>
  </file>
</testExecutions>