<?xml version="1.0" encoding="UTF-8"?>
<testExecutions version="1">
  <file path="C:\Users\leoso\Documentos\Máster\TFM\Backend\tests\routes\reviews.spec.ts">
    <testCase name="POST /reviews Should return code 400 without movie_id" duration="330"/>
    <testCase name="POST /reviews Should return code 400 without Authorization header" duration="28"/>
    <testCase name="POST /reviews Should return code 401 Unauthorized" duration="31"/>
    <testCase name="POST /reviews Should return code 500 database upload failed" duration="32"/>
    <testCase name="POST /reviews Should return code 201" duration="38"/>
    <testCase name="GET /reviews Should return code 400 without movie_id" duration="32"/>
    <testCase name="GET /reviews Should return code 500 error fetching database" duration="25"/>
    <testCase name="GET /reviews Should return code 200" duration="34"/>
    <testCase name="DELETE /reviews Should return code 400 without any param" duration="28"/>
    <testCase name="DELETE /reviews Should return code 400 without Authorization header" duration="27"/>
    <testCase name="DELETE /reviews Should return code 401 Unauthorized" duration="25"/>
    <testCase name="DELETE /reviews Should return code 500 database deletion failed" duration="29"/>
    <testCase name="DELETE /reviews Should return code 200" duration="25"/>
  </file>
  <file path="C:\Users\leoso\Documentos\Máster\TFM\Backend\tests\routes\actors.spec.ts">
    <testCase name="GET /actors/casting Should return code 400" duration="42"/>
    <testCase name="GET /actors/casting Should return code 500" duration="183"/>
    <testCase name="GET /actors/casting Should return code 200" duration="17"/>
    <testCase name="GET /actors/casting Should return Actor[]" duration="41"/>
    <testCase name="GET /actors Should return code 400" duration="26"/>
    <testCase name="GET /actors Should return code 500" duration="31"/>
    <testCase name="GET /actors Should return code 200" duration="30"/>
    <testCase name="GET /actors Should return ActorProfile" duration="25"/>
    <testCase name="GET /actors/movies Should return code 400" duration="22"/>
    <testCase name="GET /actors/movies Should return code 500" duration="34"/>
    <testCase name="GET /actors/movies Should return code 200" duration="28"/>
    <testCase name="GET /actors/movies Should return Movies[]" duration="22"/>
  </file>
  <file path="C:\Users\leoso\Documentos\Máster\TFM\Backend\tests\routes\movies.spec.ts">
    <testCase name="GET /movies/search Should return code 400" duration="36"/>
    <testCase name="GET /movies/search Should return code 500" duration="176"/>
    <testCase name="GET /movies/search Should return code 200" duration="15"/>
    <testCase name="GET /movies/search Should return MoviePoster[]" duration="17"/>
    <testCase name="GET /movies Should return code 400" duration="29"/>
    <testCase name="GET /movies Should return code 500" duration="30"/>
    <testCase name="GET /movies Should return code 200" duration="22"/>
    <testCase name="GET /movies Should return Movie" duration="30"/>
    <testCase name="GET /movies/carousel Should return code 500" duration="24"/>
    <testCase name="GET /movies/carousel Should return code 200" duration="25"/>
    <testCase name="GET /movies/carousel Should return MoviePoster[]" duration="31"/>
    <testCase name="GET /movies/home-list Should return code 500" duration="32"/>
    <testCase name="GET /movies/home-list Should return code 200" duration="27"/>
    <testCase name="GET /movies/home-list Should return MoviePoster[]" duration="29"/>
  </file>
</testExecutions>